* installing *source* package ‘mvp’ ...
** package ‘mvp’ successfully unpacked and MD5 sums checked
** using staged installation
** libs
clang++ -std=gnu++11 -I"/Library/Frameworks/R.framework/Resources/include" -DNDEBUG  -I"/Users/david_kahle/Dropbox/dev/mpoly/mpoly/revdep/library.noindex/mvp/Rcpp/include" -isysroot /Library/Developer/CommandLineTools/SDKs/MacOSX.sdk -I/usr/local/include  -fPIC  -Wall -g -O2  -c RcppExports.cpp -o RcppExports.o
clang++ -std=gnu++11 -I"/Library/Frameworks/R.framework/Resources/include" -DNDEBUG  -I"/Users/david_kahle/Dropbox/dev/mpoly/mpoly/revdep/library.noindex/mvp/Rcpp/include" -isysroot /Library/Developer/CommandLineTools/SDKs/MacOSX.sdk -I/usr/local/include  -fPIC  -Wall -g -O2  -c skimpy.cpp -o skimpy.o
clang -I"/Library/Frameworks/R.framework/Resources/include" -DNDEBUG  -I"/Users/david_kahle/Dropbox/dev/mpoly/mpoly/revdep/library.noindex/mvp/Rcpp/include" -isysroot /Library/Developer/CommandLineTools/SDKs/MacOSX.sdk -I/usr/local/include  -fPIC  -Wall -g -O2  -c skimpy_init.c -o skimpy_init.o
clang++ -std=gnu++11 -dynamiclib -Wl,-headerpad_max_install_names -undefined dynamic_lookup -single_module -multiply_defined suppress -L/Library/Frameworks/R.framework/Resources/lib -L/usr/local/lib -o mvp.so RcppExports.o skimpy.o skimpy_init.o -F/Library/Frameworks/R.framework/.. -framework R -Wl,-framework -Wl,CoreFoundation
installing to /Users/david_kahle/Dropbox/dev/mpoly/mpoly/revdep/checks.noindex/mvp/new/mvp.Rcheck/00LOCK-mvp/00new/mvp/libs
** R
** inst
** byte-compile and prepare package for lazy loading
** help
*** installing help indices
** building package indices
** installing vignettes
** testing if installed package can be loaded from temporary location
** checking absolute paths in shared objects and dynamic libraries
** testing if installed package can be loaded from final location
** testing if installed package keeps a record of temporary installation path
* DONE (mvp)
