Hmm ... looks like a package

This is pdfTeX, Version 3.14159265-2.6-1.40.18 (TeX Live 2017) (preloaded format=pdflatex)
 restricted \write18 enabled.
entering extended mode
LaTeX2e <2017-04-15>
Babel <3.10> and hyphenation patterns for 84 language(s) loaded.
(./Rd2.tex
(/usr/local/texlive/2017/texmf-dist/tex/latex/base/book.cls
Document Class: book 2014/09/29 v1.4h Standard LaTeX document class
(/usr/local/texlive/2017/texmf-dist/tex/latex/base/bk10.clo))
(/Library/Frameworks/R.framework/Resources/share/texmf/tex/latex/Rd.sty
(/usr/local/texlive/2017/texmf-dist/tex/latex/base/ifthen.sty)
(/usr/local/texlive/2017/texmf-dist/tex/latex/tools/longtable.sty)
(/usr/local/texlive/2017/texmf-dist/tex/latex/tools/bm.sty)
(/usr/local/texlive/2017/texmf-dist/tex/latex/base/alltt.sty)
(/usr/local/texlive/2017/texmf-dist/tex/latex/tools/verbatim.sty)
(/usr/local/texlive/2017/texmf-dist/tex/latex/url/url.sty)
(/usr/local/texlive/2017/texmf-dist/tex/latex/base/textcomp.sty
(/usr/local/texlive/2017/texmf-dist/tex/latex/base/ts1enc.def))
(/usr/local/texlive/2017/texmf-dist/tex/latex/base/fontenc.sty
(/usr/local/texlive/2017/texmf-dist/tex/latex/base/t1enc.def))
(/usr/local/texlive/2017/texmf-dist/tex/latex/psnfss/times.sty)
(/usr/local/texlive/2017/texmf-dist/tex/latex/inconsolata/zi4.sty
`inconsolata-zi4' v1.112, 2017/01/04 Text macros for Inconsolata (msharpe)
(/usr/local/texlive/2017/texmf-dist/tex/latex/xkeyval/xkeyval.sty
(/usr/local/texlive/2017/texmf-dist/tex/generic/xkeyval/xkeyval.tex
(/usr/local/texlive/2017/texmf-dist/tex/generic/xkeyval/xkvutils.tex
(/usr/local/texlive/2017/texmf-dist/tex/generic/xkeyval/keyval.tex)))))
(/usr/local/texlive/2017/texmf-dist/tex/latex/graphics/color.sty
(/usr/local/texlive/2017/texmf-dist/tex/latex/graphics-cfg/color.cfg)
(/usr/local/texlive/2017/texmf-dist/tex/latex/graphics-def/pdftex.def
(/usr/local/texlive/2017/texmf-dist/tex/generic/oberdiek/infwarerr.sty)
(/usr/local/texlive/2017/texmf-dist/tex/generic/oberdiek/ltxcmds.sty)))
(/usr/local/texlive/2017/texmf-dist/tex/latex/hyperref/hyperref.sty
(/usr/local/texlive/2017/texmf-dist/tex/generic/oberdiek/hobsub-hyperref.sty
(/usr/local/texlive/2017/texmf-dist/tex/generic/oberdiek/hobsub-generic.sty))
(/usr/local/texlive/2017/texmf-dist/tex/generic/ifxetex/ifxetex.sty)
(/usr/local/texlive/2017/texmf-dist/tex/latex/oberdiek/auxhook.sty)
(/usr/local/texlive/2017/texmf-dist/tex/latex/oberdiek/kvoptions.sty)
(/usr/local/texlive/2017/texmf-dist/tex/latex/hyperref/pd1enc.def)
(/usr/local/texlive/2017/texmf-dist/tex/latex/latexconfig/hyperref.cfg))

Package hyperref Message: Driver (autodetected): hpdftex.

(/usr/local/texlive/2017/texmf-dist/tex/latex/hyperref/hpdftex.def
(/usr/local/texlive/2017/texmf-dist/tex/latex/oberdiek/rerunfilecheck.sty))

Package hyperref Warning: Option `hyperindex' has already been used,
(hyperref)                setting the option has no effect on input line 366.


Package hyperref Warning: Option `pagebackref' has already been used,
(hyperref)                setting the option has no effect on input line 366.

) (/usr/local/texlive/2017/texmf-dist/tex/latex/base/makeidx.sty)
(/usr/local/texlive/2017/texmf-dist/tex/latex/base/inputenc.sty
(/usr/local/texlive/2017/texmf-dist/tex/latex/base/utf8.def
(/usr/local/texlive/2017/texmf-dist/tex/latex/base/t1enc.dfu)
(/usr/local/texlive/2017/texmf-dist/tex/latex/base/ot1enc.dfu)
(/usr/local/texlive/2017/texmf-dist/tex/latex/base/omsenc.dfu)
(/usr/local/texlive/2017/texmf-dist/tex/latex/base/ts1enc.dfu))
(/usr/local/texlive/2017/texmf-dist/tex/latex/base/latin1.def))
Writing index file Rd2.idx
No file Rd2.aux.
(/usr/local/texlive/2017/texmf-dist/tex/latex/base/ts1cmr.fd)
(/usr/local/texlive/2017/texmf-dist/tex/latex/psnfss/t1ptm.fd)
(/usr/local/texlive/2017/texmf-dist/tex/context/base/mkii/supp-pdf.mkii
[Loading MPS to PDF converter (version 2006.09.02).]
) (/usr/local/texlive/2017/texmf-dist/tex/latex/hyperref/nameref.sty
(/usr/local/texlive/2017/texmf-dist/tex/generic/oberdiek/gettitlestring.sty))
(/usr/local/texlive/2017/texmf-dist/tex/latex/inconsolata/t1zi4.fd)
(/usr/local/texlive/2017/texmf-dist/tex/latex/psnfss/t1phv.fd)
(/usr/local/texlive/2017/texmf-dist/tex/latex/base/utf8.def) [1{/usr/local/texl
ive/2017/texmf-var/fonts/map/pdftex/updmap/pdftex.map}] [2]
Overfull \hbox (14.23488pt too wide) in paragraph at lines 140--140
 []\T1/zi4/m/n/9 # Using 10000 samples, estimate the central moment for c(2,4) 
at the covariance matrix (not run)[] 
[3] (/usr/local/texlive/2017/texmf-dist/tex/latex/base/utf8.def) [4]
(/usr/local/texlive/2017/texmf-dist/tex/latex/base/utf8.def) [5]
(/usr/local/texlive/2017/texmf-dist/tex/latex/base/utf8.def) [6]
(/usr/local/texlive/2017/texmf-dist/tex/latex/base/utf8.def)
(/usr/local/texlive/2017/texmf-dist/tex/latex/inconsolata/ts1zi4.fd) [7]
(/usr/local/texlive/2017/texmf-dist/tex/latex/base/utf8.def) [8]
Overfull \hbox (23.27168pt too wide) in paragraph at lines 492--492
 []\T1/zi4/m/n/9 # t0 <- mpoly(list(c(coef=3,x1=2),c(coef=2,x1=1,x2=3),c(coef=-
4,z=2),c(coef=1,x1=1,x2=2,z=1)))[] 
(/usr/local/texlive/2017/texmf-dist/tex/latex/base/utf8.def) [9] [10]
(/usr/local/texlive/2017/texmf-dist/tex/latex/base/utf8.def)
Overfull \hbox (14.57776pt too wide) in paragraph at lines 594--599
\T1/ptm/m/n/10 ex-am-ple be-low: list(coeff=c(3,2,-4,1),powers=matrix(c(2,0,0,1
,3,0,0,0,2,1,2,1),ncol=3,byrow=TRUE)) 
[11]
Overfull \hbox (23.27168pt too wide) in paragraph at lines 623--623
 []\T1/zi4/m/n/9 # t0 <- mpoly(list(c(coef=3,x1=2),c(coef=2,x1=1,x2=3),c(coef=-
4,z=2),c(coef=1,x1=1,x2=2,z=1)))[] 
(/usr/local/texlive/2017/texmf-dist/tex/latex/base/utf8.def) [12]
(/usr/local/texlive/2017/texmf-dist/tex/latex/base/utf8.def) [13]
(/usr/local/texlive/2017/texmf-dist/tex/latex/base/utf8.def) [14]
(/usr/local/texlive/2017/texmf-dist/tex/latex/base/utf8.def)
Overfull \hbox (18.73488pt too wide) in paragraph at lines 842--842
 []\T1/zi4/m/n/9 # Using 10000 samples, estimate the central moment for the mom
ent c(2,4) at the covariance matrix[] 
[15] (/usr/local/texlive/2017/texmf-dist/tex/latex/base/utf8.def)
(/usr/local/texlive/2017/texmf-dist/tex/latex/base/utf8.def) [16]
(/usr/local/texlive/2017/texmf-dist/tex/latex/base/utf8.def) [17]
Overfull \hbox (5.60736pt too wide) in paragraph at lines 977--979
[]\T1/ptm/m/n/10 An \T1/zi4/m/n/10 L-matrix \T1/ptm/m/n/10 ob-ject, a square L 
ma-trix, or an L ma-trix in re-duced upper-triangular
[18] (/usr/local/texlive/2017/texmf-dist/tex/latex/base/utf8.def)
Overfull \hbox (42.85611pt too wide) in paragraph at lines 1063--1065
[]\T1/ptm/m/n/10 J. Felsen-stein, The Newick tree for-mat, 1990, http://evoluti
on.genetics.washington.edu/phylip/newicktree.html 
[19] (/usr/local/texlive/2017/texmf-dist/tex/latex/base/utf8.def)
Overfull \hbox (42.85611pt too wide) in paragraph at lines 1136--1139
[]\T1/ptm/m/n/10 J. Felsen-stein, The Newick tree for-mat, 1990, http://evoluti
on.genetics.washington.edu/phylip/newicktree.html 
[20] (/usr/local/texlive/2017/texmf-dist/tex/latex/base/utf8.def) [21]
No file Rd2.ind.
[22] (./Rd2.aux)

Package rerunfilecheck Warning: File `Rd2.out' has changed.
(rerunfilecheck)                Rerun to get outlines right
(rerunfilecheck)                or use package `bookmark'.

 )
(see the transcript file for additional information){/usr/local/texlive/2017/te
xmf-dist/fonts/enc/dvips/inconsolata/i4-ts1.enc}{/usr/local/texlive/2017/texmf-
dist/fonts/enc/dvips/base/8r.enc}{/usr/local/texlive/2017/texmf-dist/fonts/enc/
dvips/inconsolata/i4-t1-0.enc}</usr/local/texlive/2017/texmf-dist/fonts/type1/p
ublic/inconsolata/Inconsolata-zi4r.pfb></usr/local/texlive/2017/texmf-dist/font
s/type1/urw/helvetic/uhvr8a.pfb></usr/local/texlive/2017/texmf-dist/fonts/type1
/urw/times/utmb8a.pfb></usr/local/texlive/2017/texmf-dist/fonts/type1/urw/times
/utmr8a.pfb></usr/local/texlive/2017/texmf-dist/fonts/type1/urw/times/utmr8a.pf
b></usr/local/texlive/2017/texmf-dist/fonts/type1/urw/times/utmri8a.pfb>
Output written on Rd2.pdf (22 pages, 119848 bytes).
Transcript written on Rd2.log.
This is makeindex, version 2.15 [TeX Live 2017] (kpathsea + Thai support).
Scanning input file Rd2.idx....done (34 entries accepted, 0 rejected).
Sorting entries....done (178 comparisons).
Generating output file Rd2.ind....done (75 lines written, 0 warnings).
Output written in Rd2.ind.
Transcript written in Rd2.ilg.
This is pdfTeX, Version 3.14159265-2.6-1.40.18 (TeX Live 2017) (preloaded format=pdflatex)
 restricted \write18 enabled.
entering extended mode
LaTeX2e <2017-04-15>
Babel <3.10> and hyphenation patterns for 84 language(s) loaded.
(./Rd2.tex
(/usr/local/texlive/2017/texmf-dist/tex/latex/base/book.cls
Document Class: book 2014/09/29 v1.4h Standard LaTeX document class
(/usr/local/texlive/2017/texmf-dist/tex/latex/base/bk10.clo))
(/Library/Frameworks/R.framework/Resources/share/texmf/tex/latex/Rd.sty
(/usr/local/texlive/2017/texmf-dist/tex/latex/base/ifthen.sty)
(/usr/local/texlive/2017/texmf-dist/tex/latex/tools/longtable.sty)
(/usr/local/texlive/2017/texmf-dist/tex/latex/tools/bm.sty)
(/usr/local/texlive/2017/texmf-dist/tex/latex/base/alltt.sty)
(/usr/local/texlive/2017/texmf-dist/tex/latex/tools/verbatim.sty)
(/usr/local/texlive/2017/texmf-dist/tex/latex/url/url.sty)
(/usr/local/texlive/2017/texmf-dist/tex/latex/base/textcomp.sty
(/usr/local/texlive/2017/texmf-dist/tex/latex/base/ts1enc.def))
(/usr/local/texlive/2017/texmf-dist/tex/latex/base/fontenc.sty
(/usr/local/texlive/2017/texmf-dist/tex/latex/base/t1enc.def))
(/usr/local/texlive/2017/texmf-dist/tex/latex/psnfss/times.sty)
(/usr/local/texlive/2017/texmf-dist/tex/latex/inconsolata/zi4.sty
`inconsolata-zi4' v1.112, 2017/01/04 Text macros for Inconsolata (msharpe)
(/usr/local/texlive/2017/texmf-dist/tex/latex/xkeyval/xkeyval.sty
(/usr/local/texlive/2017/texmf-dist/tex/generic/xkeyval/xkeyval.tex
(/usr/local/texlive/2017/texmf-dist/tex/generic/xkeyval/xkvutils.tex
(/usr/local/texlive/2017/texmf-dist/tex/generic/xkeyval/keyval.tex)))))
(/usr/local/texlive/2017/texmf-dist/tex/latex/graphics/color.sty
(/usr/local/texlive/2017/texmf-dist/tex/latex/graphics-cfg/color.cfg)
(/usr/local/texlive/2017/texmf-dist/tex/latex/graphics-def/pdftex.def
(/usr/local/texlive/2017/texmf-dist/tex/generic/oberdiek/infwarerr.sty)
(/usr/local/texlive/2017/texmf-dist/tex/generic/oberdiek/ltxcmds.sty)))
(/usr/local/texlive/2017/texmf-dist/tex/latex/hyperref/hyperref.sty
(/usr/local/texlive/2017/texmf-dist/tex/generic/oberdiek/hobsub-hyperref.sty
(/usr/local/texlive/2017/texmf-dist/tex/generic/oberdiek/hobsub-generic.sty))
(/usr/local/texlive/2017/texmf-dist/tex/generic/ifxetex/ifxetex.sty)
(/usr/local/texlive/2017/texmf-dist/tex/latex/oberdiek/auxhook.sty)
(/usr/local/texlive/2017/texmf-dist/tex/latex/oberdiek/kvoptions.sty)
(/usr/local/texlive/2017/texmf-dist/tex/latex/hyperref/pd1enc.def)
(/usr/local/texlive/2017/texmf-dist/tex/latex/latexconfig/hyperref.cfg))

Package hyperref Message: Driver (autodetected): hpdftex.

(/usr/local/texlive/2017/texmf-dist/tex/latex/hyperref/hpdftex.def
(/usr/local/texlive/2017/texmf-dist/tex/latex/oberdiek/rerunfilecheck.sty))

Package hyperref Warning: Option `hyperindex' has already been used,
(hyperref)                setting the option has no effect on input line 366.


Package hyperref Warning: Option `pagebackref' has already been used,
(hyperref)                setting the option has no effect on input line 366.

) (/usr/local/texlive/2017/texmf-dist/tex/latex/base/makeidx.sty)
(/usr/local/texlive/2017/texmf-dist/tex/latex/base/inputenc.sty
(/usr/local/texlive/2017/texmf-dist/tex/latex/base/utf8.def
(/usr/local/texlive/2017/texmf-dist/tex/latex/base/t1enc.dfu)
(/usr/local/texlive/2017/texmf-dist/tex/latex/base/ot1enc.dfu)
(/usr/local/texlive/2017/texmf-dist/tex/latex/base/omsenc.dfu)
(/usr/local/texlive/2017/texmf-dist/tex/latex/base/ts1enc.dfu))
(/usr/local/texlive/2017/texmf-dist/tex/latex/base/latin1.def))
Writing index file Rd2.idx
(./Rd2.aux) (/usr/local/texlive/2017/texmf-dist/tex/latex/base/ts1cmr.fd)
(/usr/local/texlive/2017/texmf-dist/tex/latex/psnfss/t1ptm.fd)
(/usr/local/texlive/2017/texmf-dist/tex/context/base/mkii/supp-pdf.mkii
[Loading MPS to PDF converter (version 2006.09.02).]
) (/usr/local/texlive/2017/texmf-dist/tex/latex/hyperref/nameref.sty
(/usr/local/texlive/2017/texmf-dist/tex/generic/oberdiek/gettitlestring.sty))
(./Rd2.out) (./Rd2.out)
(/usr/local/texlive/2017/texmf-dist/tex/latex/inconsolata/t1zi4.fd)
(/usr/local/texlive/2017/texmf-dist/tex/latex/psnfss/t1phv.fd) (./Rd2.toc)
(/usr/local/texlive/2017/texmf-dist/tex/latex/base/utf8.def) [1{/usr/local/texl
ive/2017/texmf-var/fonts/map/pdftex/updmap/pdftex.map}] [2]
Overfull \hbox (14.23488pt too wide) in paragraph at lines 140--140
 []\T1/zi4/m/n/9 # Using 10000 samples, estimate the central moment for c(2,4) 
at the covariance matrix (not run)[] 
[3] (/usr/local/texlive/2017/texmf-dist/tex/latex/base/utf8.def) [4]
(/usr/local/texlive/2017/texmf-dist/tex/latex/base/utf8.def) [5]
(/usr/local/texlive/2017/texmf-dist/tex/latex/base/utf8.def) [6]
(/usr/local/texlive/2017/texmf-dist/tex/latex/base/utf8.def) [7]
(/usr/local/texlive/2017/texmf-dist/tex/latex/inconsolata/ts1zi4.fd)
(/usr/local/texlive/2017/texmf-dist/tex/latex/base/utf8.def) [8] [9]
Overfull \hbox (23.27168pt too wide) in paragraph at lines 492--492
 []\T1/zi4/m/n/9 # t0 <- mpoly(list(c(coef=3,x1=2),c(coef=2,x1=1,x2=3),c(coef=-
4,z=2),c(coef=1,x1=1,x2=2,z=1)))[] 
(/usr/local/texlive/2017/texmf-dist/tex/latex/base/utf8.def) [10]
(/usr/local/texlive/2017/texmf-dist/tex/latex/base/utf8.def)
Overfull \hbox (14.57776pt too wide) in paragraph at lines 594--599
\T1/ptm/m/n/10 ex-am-ple be-low: list(coeff=c(3,2,-4,1),powers=matrix(c(2,0,0,1
,3,0,0,0,2,1,2,1),ncol=3,byrow=TRUE)) 
[11]
Overfull \hbox (23.27168pt too wide) in paragraph at lines 623--623
 []\T1/zi4/m/n/9 # t0 <- mpoly(list(c(coef=3,x1=2),c(coef=2,x1=1,x2=3),c(coef=-
4,z=2),c(coef=1,x1=1,x2=2,z=1)))[] 
(/usr/local/texlive/2017/texmf-dist/tex/latex/base/utf8.def) [12]
(/usr/local/texlive/2017/texmf-dist/tex/latex/base/utf8.def) [13]
(/usr/local/texlive/2017/texmf-dist/tex/latex/base/utf8.def) [14]
(/usr/local/texlive/2017/texmf-dist/tex/latex/base/utf8.def) [15]
Overfull \hbox (18.73488pt too wide) in paragraph at lines 842--842
 []\T1/zi4/m/n/9 # Using 10000 samples, estimate the central moment for the mom
ent c(2,4) at the covariance matrix[] 
(/usr/local/texlive/2017/texmf-dist/tex/latex/base/utf8.def) [16]
(/usr/local/texlive/2017/texmf-dist/tex/latex/base/utf8.def) [17]
(/usr/local/texlive/2017/texmf-dist/tex/latex/base/utf8.def)
Overfull \hbox (5.60736pt too wide) in paragraph at lines 977--979
[]\T1/ptm/m/n/10 An \T1/zi4/m/n/10 L-matrix \T1/ptm/m/n/10 ob-ject, a square L 
ma-trix, or an L ma-trix in re-duced upper-triangular
[18] (/usr/local/texlive/2017/texmf-dist/tex/latex/base/utf8.def) [19]
Overfull \hbox (42.85611pt too wide) in paragraph at lines 1063--1065
[]\T1/ptm/m/n/10 J. Felsen-stein, The Newick tree for-mat, 1990, http://evoluti
on.genetics.washington.edu/phylip/newicktree.html 
(/usr/local/texlive/2017/texmf-dist/tex/latex/base/utf8.def) [20]
Overfull \hbox (42.85611pt too wide) in paragraph at lines 1136--1139
[]\T1/ptm/m/n/10 J. Felsen-stein, The Newick tree for-mat, 1990, http://evoluti
on.genetics.washington.edu/phylip/newicktree.html 
(/usr/local/texlive/2017/texmf-dist/tex/latex/base/utf8.def) [21] (./Rd2.ind
[22]

LaTeX Font Warning: Font shape `T1/zi4/m/it' undefined
(Font)              using `T1/zi4/m/n' instead on input line 3.

[23]) (./Rd2.aux)

Package rerunfilecheck Warning: File `Rd2.out' has changed.
(rerunfilecheck)                Rerun to get outlines right
(rerunfilecheck)                or use package `bookmark'.


LaTeX Font Warning: Some font shapes were not available, defaults substituted.

 )
(see the transcript file for additional information){/usr/local/texlive/2017/te
xmf-dist/fonts/enc/dvips/inconsolata/i4-ts1.enc}{/usr/local/texlive/2017/texmf-
dist/fonts/enc/dvips/base/8r.enc}{/usr/local/texlive/2017/texmf-dist/fonts/enc/
dvips/inconsolata/i4-t1-0.enc}</usr/local/texlive/2017/texmf-dist/fonts/type1/p
ublic/inconsolata/Inconsolata-zi4r.pfb></usr/local/texlive/2017/texmf-dist/font
s/type1/urw/helvetic/uhvr8a.pfb></usr/local/texlive/2017/texmf-dist/fonts/type1
/urw/times/utmb8a.pfb></usr/local/texlive/2017/texmf-dist/fonts/type1/urw/times
/utmr8a.pfb></usr/local/texlive/2017/texmf-dist/fonts/type1/urw/times/utmr8a.pf
b></usr/local/texlive/2017/texmf-dist/fonts/type1/urw/times/utmri8a.pfb>
Output written on Rd2.pdf (23 pages, 124480 bytes).
Transcript written on Rd2.log.
This is makeindex, version 2.15 [TeX Live 2017] (kpathsea + Thai support).
Scanning input file Rd2.idx....done (34 entries accepted, 0 rejected).
Sorting entries....done (178 comparisons).
Generating output file Rd2.ind....done (75 lines written, 0 warnings).
Output written in Rd2.ind.
Transcript written in Rd2.ilg.
This is pdfTeX, Version 3.14159265-2.6-1.40.18 (TeX Live 2017) (preloaded format=pdflatex)
 restricted \write18 enabled.
entering extended mode
LaTeX2e <2017-04-15>
Babel <3.10> and hyphenation patterns for 84 language(s) loaded.
(./Rd2.tex
(/usr/local/texlive/2017/texmf-dist/tex/latex/base/book.cls
Document Class: book 2014/09/29 v1.4h Standard LaTeX document class
(/usr/local/texlive/2017/texmf-dist/tex/latex/base/bk10.clo))
(/Library/Frameworks/R.framework/Resources/share/texmf/tex/latex/Rd.sty
(/usr/local/texlive/2017/texmf-dist/tex/latex/base/ifthen.sty)
(/usr/local/texlive/2017/texmf-dist/tex/latex/tools/longtable.sty)
(/usr/local/texlive/2017/texmf-dist/tex/latex/tools/bm.sty)
(/usr/local/texlive/2017/texmf-dist/tex/latex/base/alltt.sty)
(/usr/local/texlive/2017/texmf-dist/tex/latex/tools/verbatim.sty)
(/usr/local/texlive/2017/texmf-dist/tex/latex/url/url.sty)
(/usr/local/texlive/2017/texmf-dist/tex/latex/base/textcomp.sty
(/usr/local/texlive/2017/texmf-dist/tex/latex/base/ts1enc.def))
(/usr/local/texlive/2017/texmf-dist/tex/latex/base/fontenc.sty
(/usr/local/texlive/2017/texmf-dist/tex/latex/base/t1enc.def))
(/usr/local/texlive/2017/texmf-dist/tex/latex/psnfss/times.sty)
(/usr/local/texlive/2017/texmf-dist/tex/latex/inconsolata/zi4.sty
`inconsolata-zi4' v1.112, 2017/01/04 Text macros for Inconsolata (msharpe)
(/usr/local/texlive/2017/texmf-dist/tex/latex/xkeyval/xkeyval.sty
(/usr/local/texlive/2017/texmf-dist/tex/generic/xkeyval/xkeyval.tex
(/usr/local/texlive/2017/texmf-dist/tex/generic/xkeyval/xkvutils.tex
(/usr/local/texlive/2017/texmf-dist/tex/generic/xkeyval/keyval.tex)))))
(/usr/local/texlive/2017/texmf-dist/tex/latex/graphics/color.sty
(/usr/local/texlive/2017/texmf-dist/tex/latex/graphics-cfg/color.cfg)
(/usr/local/texlive/2017/texmf-dist/tex/latex/graphics-def/pdftex.def
(/usr/local/texlive/2017/texmf-dist/tex/generic/oberdiek/infwarerr.sty)
(/usr/local/texlive/2017/texmf-dist/tex/generic/oberdiek/ltxcmds.sty)))
(/usr/local/texlive/2017/texmf-dist/tex/latex/hyperref/hyperref.sty
(/usr/local/texlive/2017/texmf-dist/tex/generic/oberdiek/hobsub-hyperref.sty
(/usr/local/texlive/2017/texmf-dist/tex/generic/oberdiek/hobsub-generic.sty))
(/usr/local/texlive/2017/texmf-dist/tex/generic/ifxetex/ifxetex.sty)
(/usr/local/texlive/2017/texmf-dist/tex/latex/oberdiek/auxhook.sty)
(/usr/local/texlive/2017/texmf-dist/tex/latex/oberdiek/kvoptions.sty)
(/usr/local/texlive/2017/texmf-dist/tex/latex/hyperref/pd1enc.def)
(/usr/local/texlive/2017/texmf-dist/tex/latex/latexconfig/hyperref.cfg))

Package hyperref Message: Driver (autodetected): hpdftex.

(/usr/local/texlive/2017/texmf-dist/tex/latex/hyperref/hpdftex.def
(/usr/local/texlive/2017/texmf-dist/tex/latex/oberdiek/rerunfilecheck.sty))

Package hyperref Warning: Option `hyperindex' has already been used,
(hyperref)                setting the option has no effect on input line 366.


Package hyperref Warning: Option `pagebackref' has already been used,
(hyperref)                setting the option has no effect on input line 366.

) (/usr/local/texlive/2017/texmf-dist/tex/latex/base/makeidx.sty)
(/usr/local/texlive/2017/texmf-dist/tex/latex/base/inputenc.sty
(/usr/local/texlive/2017/texmf-dist/tex/latex/base/utf8.def
(/usr/local/texlive/2017/texmf-dist/tex/latex/base/t1enc.dfu)
(/usr/local/texlive/2017/texmf-dist/tex/latex/base/ot1enc.dfu)
(/usr/local/texlive/2017/texmf-dist/tex/latex/base/omsenc.dfu)
(/usr/local/texlive/2017/texmf-dist/tex/latex/base/ts1enc.dfu))
(/usr/local/texlive/2017/texmf-dist/tex/latex/base/latin1.def))
Writing index file Rd2.idx
(./Rd2.aux) (/usr/local/texlive/2017/texmf-dist/tex/latex/base/ts1cmr.fd)
(/usr/local/texlive/2017/texmf-dist/tex/latex/psnfss/t1ptm.fd)
(/usr/local/texlive/2017/texmf-dist/tex/context/base/mkii/supp-pdf.mkii
[Loading MPS to PDF converter (version 2006.09.02).]
) (/usr/local/texlive/2017/texmf-dist/tex/latex/hyperref/nameref.sty
(/usr/local/texlive/2017/texmf-dist/tex/generic/oberdiek/gettitlestring.sty))
(./Rd2.out) (./Rd2.out)
(/usr/local/texlive/2017/texmf-dist/tex/latex/inconsolata/t1zi4.fd)
(/usr/local/texlive/2017/texmf-dist/tex/latex/psnfss/t1phv.fd) (./Rd2.toc
[1{/usr/local/texlive/2017/texmf-var/fonts/map/pdftex/updmap/pdftex.map}])
(/usr/local/texlive/2017/texmf-dist/tex/latex/base/utf8.def) [2]
Overfull \hbox (14.23488pt too wide) in paragraph at lines 140--140
 []\T1/zi4/m/n/9 # Using 10000 samples, estimate the central moment for c(2,4) 
at the covariance matrix (not run)[] 
[3] (/usr/local/texlive/2017/texmf-dist/tex/latex/base/utf8.def) [4]
(/usr/local/texlive/2017/texmf-dist/tex/latex/base/utf8.def) [5]
(/usr/local/texlive/2017/texmf-dist/tex/latex/base/utf8.def) [6]
(/usr/local/texlive/2017/texmf-dist/tex/latex/base/utf8.def) [7]
(/usr/local/texlive/2017/texmf-dist/tex/latex/inconsolata/ts1zi4.fd)
(/usr/local/texlive/2017/texmf-dist/tex/latex/base/utf8.def) [8] [9]
Overfull \hbox (23.27168pt too wide) in paragraph at lines 492--492
 []\T1/zi4/m/n/9 # t0 <- mpoly(list(c(coef=3,x1=2),c(coef=2,x1=1,x2=3),c(coef=-
4,z=2),c(coef=1,x1=1,x2=2,z=1)))[] 
(/usr/local/texlive/2017/texmf-dist/tex/latex/base/utf8.def) [10]
(/usr/local/texlive/2017/texmf-dist/tex/latex/base/utf8.def)
Overfull \hbox (14.57776pt too wide) in paragraph at lines 594--599
\T1/ptm/m/n/10 ex-am-ple be-low: list(coeff=c(3,2,-4,1),powers=matrix(c(2,0,0,1
,3,0,0,0,2,1,2,1),ncol=3,byrow=TRUE)) 
[11]
Overfull \hbox (23.27168pt too wide) in paragraph at lines 623--623
 []\T1/zi4/m/n/9 # t0 <- mpoly(list(c(coef=3,x1=2),c(coef=2,x1=1,x2=3),c(coef=-
4,z=2),c(coef=1,x1=1,x2=2,z=1)))[] 
(/usr/local/texlive/2017/texmf-dist/tex/latex/base/utf8.def) [12]
(/usr/local/texlive/2017/texmf-dist/tex/latex/base/utf8.def) [13]
(/usr/local/texlive/2017/texmf-dist/tex/latex/base/utf8.def) [14]
(/usr/local/texlive/2017/texmf-dist/tex/latex/base/utf8.def) [15]
Overfull \hbox (18.73488pt too wide) in paragraph at lines 842--842
 []\T1/zi4/m/n/9 # Using 10000 samples, estimate the central moment for the mom
ent c(2,4) at the covariance matrix[] 
(/usr/local/texlive/2017/texmf-dist/tex/latex/base/utf8.def) [16]
(/usr/local/texlive/2017/texmf-dist/tex/latex/base/utf8.def) [17]
(/usr/local/texlive/2017/texmf-dist/tex/latex/base/utf8.def)
Overfull \hbox (5.60736pt too wide) in paragraph at lines 977--979
[]\T1/ptm/m/n/10 An \T1/zi4/m/n/10 L-matrix \T1/ptm/m/n/10 ob-ject, a square L 
ma-trix, or an L ma-trix in re-duced upper-triangular
[18] (/usr/local/texlive/2017/texmf-dist/tex/latex/base/utf8.def) [19]
Overfull \hbox (42.85611pt too wide) in paragraph at lines 1063--1065
[]\T1/ptm/m/n/10 J. Felsen-stein, The Newick tree for-mat, 1990, http://evoluti
on.genetics.washington.edu/phylip/newicktree.html 
(/usr/local/texlive/2017/texmf-dist/tex/latex/base/utf8.def) [20]
Overfull \hbox (42.85611pt too wide) in paragraph at lines 1136--1139
[]\T1/ptm/m/n/10 J. Felsen-stein, The Newick tree for-mat, 1990, http://evoluti
on.genetics.washington.edu/phylip/newicktree.html 
(/usr/local/texlive/2017/texmf-dist/tex/latex/base/utf8.def) [21] (./Rd2.ind
[22]

LaTeX Font Warning: Font shape `T1/zi4/m/it' undefined
(Font)              using `T1/zi4/m/n' instead on input line 3.

[23]) (./Rd2.aux)

LaTeX Font Warning: Some font shapes were not available, defaults substituted.

 )
(see the transcript file for additional information){/usr/local/texlive/2017/te
xmf-dist/fonts/enc/dvips/inconsolata/i4-ts1.enc}{/usr/local/texlive/2017/texmf-
dist/fonts/enc/dvips/base/8r.enc}{/usr/local/texlive/2017/texmf-dist/fonts/enc/
dvips/inconsolata/i4-t1-0.enc}</usr/local/texlive/2017/texmf-dist/fonts/type1/p
ublic/inconsolata/Inconsolata-zi4r.pfb></usr/local/texlive/2017/texmf-dist/font
s/type1/urw/helvetic/uhvr8a.pfb></usr/local/texlive/2017/texmf-dist/fonts/type1
/urw/times/utmb8a.pfb></usr/local/texlive/2017/texmf-dist/fonts/type1/urw/times
/utmr8a.pfb></usr/local/texlive/2017/texmf-dist/fonts/type1/urw/times/utmr8a.pf
b></usr/local/texlive/2017/texmf-dist/fonts/type1/urw/times/utmri8a.pfb>
Output written on Rd2.pdf (23 pages, 125305 bytes).
Transcript written on Rd2.log.
Saving output to ‘symmoments-manual.pdf’ ...
Done
You may want to clean up by 'rm -Rf /var/folders/r3/126_d6t55f5d32tplbg5mk1d0c48s9/T//Rtmpjey5j5/Rd2pdfd0ca4aad9668'
