* using log directory ‘/Users/david_kahle/Dropbox/dev/mpoly/mpoly/revdep/checks.noindex/algstat/old/algstat.Rcheck’
* using R version 3.6.2 (2019-12-12)
* using platform: x86_64-apple-darwin15.6.0 (64-bit)
* using session charset: UTF-8
* using options ‘--no-manual --no-build-vignettes’
* checking for file ‘algstat/DESCRIPTION’ ... OK
* checking extension type ... Package
* this is package ‘algstat’ version ‘0.0.2’
* checking package namespace information ... OK
* checking package dependencies ... OK
* checking if this is a source package ... OK
* checking if there is a namespace ... OK
* checking for executable files ... OK
* checking for hidden files and directories ... OK
* checking for portable file names ... OK
* checking for sufficient/correct file permissions ... OK
* checking whether package ‘algstat’ can be installed ... OK
* checking installed package size ... OK
* checking package directory ... OK
* checking DESCRIPTION meta-information ... OK
* checking top-level files ... OK
* checking for left-over files ... OK
* checking index information ... OK
* checking package subdirectories ... OK
* checking R files for non-ASCII characters ... OK
* checking R files for syntax errors ... OK
* checking whether the package can be loaded ... OK
* checking whether the package can be loaded with stated dependencies ... OK
* checking whether the package can be unloaded cleanly ... OK
* checking whether the namespace can be loaded with stated dependencies ... OK
* checking whether the namespace can be unloaded cleanly ... OK
* checking dependencies in R code ... OK
* checking S3 generic/method consistency ... NOTE
Found the following apparent S3 methods exported but not registered:
  print.spectral
See section ‘Registering S3 methods’ in the ‘Writing R Extensions’
manual.
* checking replacement functions ... OK
* checking foreign function calls ... OK
* checking R code for possible problems ... NOTE
hierarchical: no visible global function definition for ‘terms’
hierarchical: no visible global function definition for ‘loglin’
hierarchical: no visible global function definition for ‘dmultinom’
markov: no visible global function definition for ‘download.file’
metropolis: no visible global function definition for ‘runif’
mpolyListToMat : <anonymous>: no visible global function definition for
  ‘runif’
polyOptim: no visible global function definition for ‘deriv’
print.hierarchical: no visible binding for global variable ‘sd’
spectral : summarize: no visible global function definition for ‘sd’
subsets : <anonymous>: no visible global function definition for
  ‘combn’
Undefined global functions or variables:
  combn deriv dmultinom download.file loglin runif sd terms
Consider adding
  importFrom("stats", "deriv", "dmultinom", "loglin", "runif", "sd",
             "terms")
  importFrom("utils", "combn", "download.file")
to your NAMESPACE file.
* checking Rd files ... OK
* checking Rd metadata ... OK
* checking Rd cross-references ... OK
* checking for missing documentation entries ... OK
* checking for code/documentation mismatches ... OK
* checking Rd \usage sections ... OK
* checking Rd contents ... OK
* checking for unstated dependencies in examples ... OK
* checking contents of ‘data’ directory ... OK
* checking data for non-ASCII characters ... OK
* checking data for ASCII and uncompressed saves ... OK
* checking line endings in C/C++/Fortran sources/headers ... OK
* checking compiled code ... OK
* checking examples ... OK
* DONE
Status: 2 NOTEs
