Hmm ... looks like a package

This is pdfTeX, Version 3.14159265-2.6-1.40.18 (TeX Live 2017) (preloaded format=pdflatex)
 restricted \write18 enabled.
entering extended mode
LaTeX2e <2017-04-15>
Babel <3.10> and hyphenation patterns for 84 language(s) loaded.
(./Rd2.tex
(/usr/local/texlive/2017/texmf-dist/tex/latex/base/book.cls
Document Class: book 2014/09/29 v1.4h Standard LaTeX document class
(/usr/local/texlive/2017/texmf-dist/tex/latex/base/bk10.clo))
(/Library/Frameworks/R.framework/Resources/share/texmf/tex/latex/Rd.sty
(/usr/local/texlive/2017/texmf-dist/tex/latex/base/ifthen.sty)
(/usr/local/texlive/2017/texmf-dist/tex/latex/tools/longtable.sty)
(/usr/local/texlive/2017/texmf-dist/tex/latex/tools/bm.sty)
(/usr/local/texlive/2017/texmf-dist/tex/latex/base/alltt.sty)
(/usr/local/texlive/2017/texmf-dist/tex/latex/tools/verbatim.sty)
(/usr/local/texlive/2017/texmf-dist/tex/latex/url/url.sty)
(/usr/local/texlive/2017/texmf-dist/tex/latex/base/textcomp.sty
(/usr/local/texlive/2017/texmf-dist/tex/latex/base/ts1enc.def))
(/usr/local/texlive/2017/texmf-dist/tex/latex/base/fontenc.sty
(/usr/local/texlive/2017/texmf-dist/tex/latex/base/t1enc.def))
(/usr/local/texlive/2017/texmf-dist/tex/latex/psnfss/times.sty)
(/usr/local/texlive/2017/texmf-dist/tex/latex/inconsolata/zi4.sty
`inconsolata-zi4' v1.112, 2017/01/04 Text macros for Inconsolata (msharpe)
(/usr/local/texlive/2017/texmf-dist/tex/latex/xkeyval/xkeyval.sty
(/usr/local/texlive/2017/texmf-dist/tex/generic/xkeyval/xkeyval.tex
(/usr/local/texlive/2017/texmf-dist/tex/generic/xkeyval/xkvutils.tex
(/usr/local/texlive/2017/texmf-dist/tex/generic/xkeyval/keyval.tex)))))
(/usr/local/texlive/2017/texmf-dist/tex/latex/graphics/color.sty
(/usr/local/texlive/2017/texmf-dist/tex/latex/graphics-cfg/color.cfg)
(/usr/local/texlive/2017/texmf-dist/tex/latex/graphics-def/pdftex.def
(/usr/local/texlive/2017/texmf-dist/tex/generic/oberdiek/infwarerr.sty)
(/usr/local/texlive/2017/texmf-dist/tex/generic/oberdiek/ltxcmds.sty)))
(/usr/local/texlive/2017/texmf-dist/tex/latex/hyperref/hyperref.sty
(/usr/local/texlive/2017/texmf-dist/tex/generic/oberdiek/hobsub-hyperref.sty
(/usr/local/texlive/2017/texmf-dist/tex/generic/oberdiek/hobsub-generic.sty))
(/usr/local/texlive/2017/texmf-dist/tex/generic/ifxetex/ifxetex.sty)
(/usr/local/texlive/2017/texmf-dist/tex/latex/oberdiek/auxhook.sty)
(/usr/local/texlive/2017/texmf-dist/tex/latex/oberdiek/kvoptions.sty)
(/usr/local/texlive/2017/texmf-dist/tex/latex/hyperref/pd1enc.def)
(/usr/local/texlive/2017/texmf-dist/tex/latex/latexconfig/hyperref.cfg))

Package hyperref Message: Driver (autodetected): hpdftex.

(/usr/local/texlive/2017/texmf-dist/tex/latex/hyperref/hpdftex.def
(/usr/local/texlive/2017/texmf-dist/tex/latex/oberdiek/rerunfilecheck.sty))

Package hyperref Warning: Option `hyperindex' has already been used,
(hyperref)                setting the option has no effect on input line 366.


Package hyperref Warning: Option `pagebackref' has already been used,
(hyperref)                setting the option has no effect on input line 366.

) (/usr/local/texlive/2017/texmf-dist/tex/latex/base/makeidx.sty)
(/usr/local/texlive/2017/texmf-dist/tex/latex/base/inputenc.sty
(/usr/local/texlive/2017/texmf-dist/tex/latex/base/utf8.def
(/usr/local/texlive/2017/texmf-dist/tex/latex/base/t1enc.dfu)
(/usr/local/texlive/2017/texmf-dist/tex/latex/base/ot1enc.dfu)
(/usr/local/texlive/2017/texmf-dist/tex/latex/base/omsenc.dfu)
(/usr/local/texlive/2017/texmf-dist/tex/latex/base/ts1enc.dfu))
(/usr/local/texlive/2017/texmf-dist/tex/latex/base/latin1.def))
Writing index file Rd2.idx
No file Rd2.aux.
(/usr/local/texlive/2017/texmf-dist/tex/latex/base/ts1cmr.fd)
(/usr/local/texlive/2017/texmf-dist/tex/latex/psnfss/t1ptm.fd)
(/usr/local/texlive/2017/texmf-dist/tex/context/base/mkii/supp-pdf.mkii
[Loading MPS to PDF converter (version 2006.09.02).]
) (/usr/local/texlive/2017/texmf-dist/tex/latex/hyperref/nameref.sty
(/usr/local/texlive/2017/texmf-dist/tex/generic/oberdiek/gettitlestring.sty))
(/usr/local/texlive/2017/texmf-dist/tex/latex/inconsolata/t1zi4.fd)
(/usr/local/texlive/2017/texmf-dist/tex/latex/psnfss/t1phv.fd)
(/usr/local/texlive/2017/texmf-dist/tex/latex/base/utf8.def) [1{/usr/local/texl
ive/2017/texmf-var/fonts/map/pdftex/updmap/pdftex.map}]
(/usr/local/texlive/2017/texmf-dist/tex/latex/base/utf8.def)
(/usr/local/texlive/2017/texmf-dist/tex/latex/base/utf8.def)
(/usr/local/texlive/2017/texmf-dist/tex/latex/base/utf8.def) [2] [3]
Underfull \vbox (badness 10000) has occurred while \output is active [4]
(/usr/local/texlive/2017/texmf-dist/tex/latex/base/utf8.def) [5] [6]
(/usr/local/texlive/2017/texmf-dist/tex/latex/inconsolata/ts1zi4.fd)
(/usr/local/texlive/2017/texmf-dist/tex/latex/base/utf8.def) [7]
(/usr/local/texlive/2017/texmf-dist/tex/latex/base/utf8.def)
(/usr/local/texlive/2017/texmf-dist/tex/latex/base/utf8.def) [8]
(/usr/local/texlive/2017/texmf-dist/tex/latex/base/utf8.def) [9] [10]
(/usr/local/texlive/2017/texmf-dist/tex/latex/base/utf8.def) [11]
(/usr/local/texlive/2017/texmf-dist/tex/latex/base/utf8.def) [12]
(/usr/local/texlive/2017/texmf-dist/tex/latex/base/utf8.def)
(/usr/local/texlive/2017/texmf-dist/tex/latex/base/utf8.def) [13]
(/usr/local/texlive/2017/texmf-dist/tex/latex/base/utf8.def)
(/usr/local/texlive/2017/texmf-dist/tex/latex/base/utf8.def) [14] [15]
(/usr/local/texlive/2017/texmf-dist/tex/latex/psnfss/ts1ptm.fd)
Overfull \hbox (9.6578pt too wide) in paragraph at lines 807--808
[]\T1/zi4/m/n/10 statistic\T1/ptm/m/n/10 : the pear-son's chi-squared (X2), lik
e-li-hood ra-tio (G2), Freeman-Tukey (FT), Cressie-

Overfull \hbox (0.17659pt too wide) in paragraph at lines 823--824
[]\T1/ptm/m/n/10 Drton, M., B. Sturm-fels, and S. Sul-li-vant (2009). \T1/ptm/m
/it/10 Lec-tures on Al-ge-braic Statis-tics\T1/ptm/m/n/10 , Basel: Birkhauser

Overfull \hbox (1.58655pt too wide) in paragraph at lines 829--830
[]\T1/ptm/m/n/10 Read, T. and Cressie, N. (1998). \T1/ptm/m/it/10 Goodness-of-F
it Statis-tics for Dis-crete Mul-ti-vari-ate Data\T1/ptm/m/n/10 , Springer-
[16] [17]
Underfull \vbox (badness 10000) has occurred while \output is active [18]
Underfull \vbox (badness 10000) has occurred while \output is active [19]
Underfull \vbox (badness 10000) has occurred while \output is active [20]
Underfull \vbox (badness 10000) has occurred while \output is active [21]
Underfull \vbox (badness 10000) has occurred while \output is active [22]
Underfull \vbox (badness 10000) has occurred while \output is active [23]
(/usr/local/texlive/2017/texmf-dist/tex/latex/base/utf8.def)
Overfull \hbox (0.17659pt too wide) in paragraph at lines 1286--1287
[]\T1/ptm/m/n/10 Drton, M., B. Sturm-fels, and S. Sul-li-vant (2009). \T1/ptm/m
/it/10 Lec-tures on Al-ge-braic Statis-tics\T1/ptm/m/n/10 , Basel: Birkhauser
[24] (/usr/local/texlive/2017/texmf-dist/tex/latex/base/utf8.def)
(/usr/local/texlive/2017/texmf-dist/tex/latex/base/utf8.def) [25]
(/usr/local/texlive/2017/texmf-dist/tex/latex/base/utf8.def) [26]
(/usr/local/texlive/2017/texmf-dist/tex/latex/base/utf8.def)
(/usr/local/texlive/2017/texmf-dist/tex/latex/base/utf8.def) [27]
(/usr/local/texlive/2017/texmf-dist/tex/latex/base/utf8.def) [28] [29]
(/usr/local/texlive/2017/texmf-dist/tex/latex/base/utf8.def) [30]
(/usr/local/texlive/2017/texmf-dist/tex/latex/base/utf8.def)
(/usr/local/texlive/2017/texmf-dist/tex/latex/base/utf8.def) [31] [32]
(/usr/local/texlive/2017/texmf-dist/tex/latex/base/utf8.def)
Overfull \hbox (0.17659pt too wide) in paragraph at lines 1778--1779
[]\T1/ptm/m/n/10 Drton, M., B. Sturm-fels, and S. Sul-li-vant (2009). \T1/ptm/m
/it/10 Lec-tures on Al-ge-braic Statis-tics\T1/ptm/m/n/10 , Basel: Birkhauser
[33]
Underfull \vbox (badness 10000) has occurred while \output is active [34]
(/usr/local/texlive/2017/texmf-dist/tex/latex/base/utf8.def) [35]
(/usr/local/texlive/2017/texmf-dist/tex/latex/base/utf8.def)
Overfull \hbox (0.17659pt too wide) in paragraph at lines 1955--1956
[]\T1/ptm/m/n/10 Drton, M., B. Sturm-fels, and S. Sul-li-vant (2009). \T1/ptm/m
/it/10 Lec-tures on Al-ge-braic Statis-tics\T1/ptm/m/n/10 , Basel: Birkhauser
[36]
Underfull \vbox (badness 10000) has occurred while \output is active [37]
(/usr/local/texlive/2017/texmf-dist/tex/latex/base/utf8.def) [38]
(/usr/local/texlive/2017/texmf-dist/tex/latex/base/utf8.def)
(/usr/local/texlive/2017/texmf-dist/tex/latex/base/utf8.def) [39]
(/usr/local/texlive/2017/texmf-dist/tex/latex/base/utf8.def) [40]
(/usr/local/texlive/2017/texmf-dist/tex/latex/base/utf8.def)
(/usr/local/texlive/2017/texmf-dist/tex/latex/base/utf8.def) [41] [42]
(/usr/local/texlive/2017/texmf-dist/tex/latex/base/utf8.def) [43]
(/usr/local/texlive/2017/texmf-dist/tex/latex/base/utf8.def) [44]
(/usr/local/texlive/2017/texmf-dist/tex/latex/base/utf8.def)
(/usr/local/texlive/2017/texmf-dist/tex/latex/base/utf8.def) [45]
(/usr/local/texlive/2017/texmf-dist/tex/latex/base/utf8.def) [46]
(/usr/local/texlive/2017/texmf-dist/tex/latex/base/utf8.def)
(/usr/local/texlive/2017/texmf-dist/tex/latex/base/utf8.def) [47]
(/usr/local/texlive/2017/texmf-dist/tex/latex/base/utf8.def)
(/usr/local/texlive/2017/texmf-dist/tex/latex/base/utf8.def) [48]
(/usr/local/texlive/2017/texmf-dist/tex/latex/base/utf8.def)
(/usr/local/texlive/2017/texmf-dist/tex/latex/base/utf8.def) [49]
(/usr/local/texlive/2017/texmf-dist/tex/latex/base/utf8.def) [50]
(/usr/local/texlive/2017/texmf-dist/tex/latex/base/utf8.def)
(/usr/local/texlive/2017/texmf-dist/tex/latex/base/utf8.def) [51]
(/usr/local/texlive/2017/texmf-dist/tex/latex/base/utf8.def) [52]
Overfull \hbox (8.24101pt too wide) in paragraph at lines 2895--2895
 []\T1/zi4/m/n/9 apply(t(X) %*% rowSums(city), 2, function(x) x / sum(x) * fact
orial(3)) # average ranks pooled[] 
(/usr/local/texlive/2017/texmf-dist/tex/latex/base/utf8.def) [53]
Overfull \hbox (9.6578pt too wide) in paragraph at lines 2950--2951
[]\T1/zi4/m/n/10 statistic\T1/ptm/m/n/10 : the pear-son's chi-squared (X2), lik
e-li-hood ra-tio (G2), Freeman-Tukey (FT), Cressie-
[54]
Underfull \vbox (badness 10000) has occurred while \output is active [55]
Underfull \vbox (badness 10000) has occurred while \output is active [56]
Underfull \vbox (badness 10000) has occurred while \output is active [57]
Underfull \vbox (badness 10000) has occurred while \output is active [58]
Underfull \vbox (badness 10000) has occurred while \output is active [59]
Underfull \vbox (badness 10000) has occurred while \output is active [60]
(/usr/local/texlive/2017/texmf-dist/tex/latex/base/utf8.def) [61]
(/usr/local/texlive/2017/texmf-dist/tex/latex/base/utf8.def)
(/usr/local/texlive/2017/texmf-dist/tex/latex/base/utf8.def) [62]
(/usr/local/texlive/2017/texmf-dist/tex/latex/base/utf8.def)
Overfull \hbox (0.17659pt too wide) in paragraph at lines 3466--3467
[]\T1/ptm/m/n/10 Drton, M., B. Sturm-fels, and S. Sul-li-vant (2009). \T1/ptm/m
/it/10 Lec-tures on Al-ge-braic Statis-tics\T1/ptm/m/n/10 , Basel: Birkhauser
[63] (/usr/local/texlive/2017/texmf-dist/tex/latex/base/utf8.def) [64]
(/usr/local/texlive/2017/texmf-dist/tex/latex/base/utf8.def) [65]
(/usr/local/texlive/2017/texmf-dist/tex/latex/base/utf8.def) [66]
(/usr/local/texlive/2017/texmf-dist/tex/latex/base/utf8.def) [67]
(/usr/local/texlive/2017/texmf-dist/tex/latex/base/utf8.def) [68]
(/usr/local/texlive/2017/texmf-dist/tex/latex/base/utf8.def)
Underfull \vbox (badness 10000) has occurred while \output is active [69]
No file Rd2.ind.
[70] (./Rd2.aux)

Package rerunfilecheck Warning: File `Rd2.out' has changed.
(rerunfilecheck)                Rerun to get outlines right
(rerunfilecheck)                or use package `bookmark'.

 )
(see the transcript file for additional information)pdfTeX warning (dest): name
{Rfn.array} has been referenced but does not exist, replaced by a fixed one

pdfTeX warning (dest): name{Rfn.aperm} has been referenced but does not exist, 
replaced by a fixed one

pdfTeX warning (dest): name{Rfn.combn} has been referenced but does not exist, 
replaced by a fixed one

pdfTeX warning (dest): name{Rfn.qr.fitted} has been referenced but does not exi
st, replaced by a fixed one

pdfTeX warning (dest): name{Rfn.mp} has been referenced but does not exist, rep
laced by a fixed one

pdfTeX warning (dest): name{Rfn.loglm} has been referenced but does not exist, 
replaced by a fixed one

pdfTeX warning (dest): name{Rfn.loglin} has been referenced but does not exist,
 replaced by a fixed one

{/usr/local/texlive/2017/texmf-dist/fonts/enc/dvips/inconsolata/i4-ts1.enc}{/us
r/local/texlive/2017/texmf-dist/fonts/enc/dvips/base/8r.enc}{/usr/local/texlive
/2017/texmf-dist/fonts/enc/dvips/inconsolata/i4-t1-0.enc}</usr/local/texlive/20
17/texmf-dist/fonts/type1/public/inconsolata/Inconsolata-zi4r.pfb></usr/local/t
exlive/2017/texmf-dist/fonts/type1/urw/helvetic/uhvr8a.pfb></usr/local/texlive/
2017/texmf-dist/fonts/type1/urw/times/utmb8a.pfb></usr/local/texlive/2017/texmf
-dist/fonts/type1/urw/times/utmr8a.pfb></usr/local/texlive/2017/texmf-dist/font
s/type1/urw/times/utmr8a.pfb></usr/local/texlive/2017/texmf-dist/fonts/type1/ur
w/times/utmri8a.pfb>
Output written on Rd2.pdf (70 pages, 186848 bytes).
Transcript written on Rd2.log.
This is makeindex, version 2.15 [TeX Live 2017] (kpathsea + Thai support).
Scanning input file Rd2.idx....done (122 entries accepted, 0 rejected).
Sorting entries....done (881 comparisons).
Generating output file Rd2.ind....done (176 lines written, 0 warnings).
Output written in Rd2.ind.
Transcript written in Rd2.ilg.
This is pdfTeX, Version 3.14159265-2.6-1.40.18 (TeX Live 2017) (preloaded format=pdflatex)
 restricted \write18 enabled.
entering extended mode
LaTeX2e <2017-04-15>
Babel <3.10> and hyphenation patterns for 84 language(s) loaded.
(./Rd2.tex
(/usr/local/texlive/2017/texmf-dist/tex/latex/base/book.cls
Document Class: book 2014/09/29 v1.4h Standard LaTeX document class
(/usr/local/texlive/2017/texmf-dist/tex/latex/base/bk10.clo))
(/Library/Frameworks/R.framework/Resources/share/texmf/tex/latex/Rd.sty
(/usr/local/texlive/2017/texmf-dist/tex/latex/base/ifthen.sty)
(/usr/local/texlive/2017/texmf-dist/tex/latex/tools/longtable.sty)
(/usr/local/texlive/2017/texmf-dist/tex/latex/tools/bm.sty)
(/usr/local/texlive/2017/texmf-dist/tex/latex/base/alltt.sty)
(/usr/local/texlive/2017/texmf-dist/tex/latex/tools/verbatim.sty)
(/usr/local/texlive/2017/texmf-dist/tex/latex/url/url.sty)
(/usr/local/texlive/2017/texmf-dist/tex/latex/base/textcomp.sty
(/usr/local/texlive/2017/texmf-dist/tex/latex/base/ts1enc.def))
(/usr/local/texlive/2017/texmf-dist/tex/latex/base/fontenc.sty
(/usr/local/texlive/2017/texmf-dist/tex/latex/base/t1enc.def))
(/usr/local/texlive/2017/texmf-dist/tex/latex/psnfss/times.sty)
(/usr/local/texlive/2017/texmf-dist/tex/latex/inconsolata/zi4.sty
`inconsolata-zi4' v1.112, 2017/01/04 Text macros for Inconsolata (msharpe)
(/usr/local/texlive/2017/texmf-dist/tex/latex/xkeyval/xkeyval.sty
(/usr/local/texlive/2017/texmf-dist/tex/generic/xkeyval/xkeyval.tex
(/usr/local/texlive/2017/texmf-dist/tex/generic/xkeyval/xkvutils.tex
(/usr/local/texlive/2017/texmf-dist/tex/generic/xkeyval/keyval.tex)))))
(/usr/local/texlive/2017/texmf-dist/tex/latex/graphics/color.sty
(/usr/local/texlive/2017/texmf-dist/tex/latex/graphics-cfg/color.cfg)
(/usr/local/texlive/2017/texmf-dist/tex/latex/graphics-def/pdftex.def
(/usr/local/texlive/2017/texmf-dist/tex/generic/oberdiek/infwarerr.sty)
(/usr/local/texlive/2017/texmf-dist/tex/generic/oberdiek/ltxcmds.sty)))
(/usr/local/texlive/2017/texmf-dist/tex/latex/hyperref/hyperref.sty
(/usr/local/texlive/2017/texmf-dist/tex/generic/oberdiek/hobsub-hyperref.sty
(/usr/local/texlive/2017/texmf-dist/tex/generic/oberdiek/hobsub-generic.sty))
(/usr/local/texlive/2017/texmf-dist/tex/generic/ifxetex/ifxetex.sty)
(/usr/local/texlive/2017/texmf-dist/tex/latex/oberdiek/auxhook.sty)
(/usr/local/texlive/2017/texmf-dist/tex/latex/oberdiek/kvoptions.sty)
(/usr/local/texlive/2017/texmf-dist/tex/latex/hyperref/pd1enc.def)
(/usr/local/texlive/2017/texmf-dist/tex/latex/latexconfig/hyperref.cfg))

Package hyperref Message: Driver (autodetected): hpdftex.

(/usr/local/texlive/2017/texmf-dist/tex/latex/hyperref/hpdftex.def
(/usr/local/texlive/2017/texmf-dist/tex/latex/oberdiek/rerunfilecheck.sty))

Package hyperref Warning: Option `hyperindex' has already been used,
(hyperref)                setting the option has no effect on input line 366.


Package hyperref Warning: Option `pagebackref' has already been used,
(hyperref)                setting the option has no effect on input line 366.

) (/usr/local/texlive/2017/texmf-dist/tex/latex/base/makeidx.sty)
(/usr/local/texlive/2017/texmf-dist/tex/latex/base/inputenc.sty
(/usr/local/texlive/2017/texmf-dist/tex/latex/base/utf8.def
(/usr/local/texlive/2017/texmf-dist/tex/latex/base/t1enc.dfu)
(/usr/local/texlive/2017/texmf-dist/tex/latex/base/ot1enc.dfu)
(/usr/local/texlive/2017/texmf-dist/tex/latex/base/omsenc.dfu)
(/usr/local/texlive/2017/texmf-dist/tex/latex/base/ts1enc.dfu))
(/usr/local/texlive/2017/texmf-dist/tex/latex/base/latin1.def))
Writing index file Rd2.idx
(./Rd2.aux) (/usr/local/texlive/2017/texmf-dist/tex/latex/base/ts1cmr.fd)
(/usr/local/texlive/2017/texmf-dist/tex/latex/psnfss/t1ptm.fd)
(/usr/local/texlive/2017/texmf-dist/tex/context/base/mkii/supp-pdf.mkii
[Loading MPS to PDF converter (version 2006.09.02).]
) (/usr/local/texlive/2017/texmf-dist/tex/latex/hyperref/nameref.sty
(/usr/local/texlive/2017/texmf-dist/tex/generic/oberdiek/gettitlestring.sty))
(./Rd2.out) (./Rd2.out)
(/usr/local/texlive/2017/texmf-dist/tex/latex/inconsolata/t1zi4.fd)
(/usr/local/texlive/2017/texmf-dist/tex/latex/psnfss/t1phv.fd) (./Rd2.toc
[1{/usr/local/texlive/2017/texmf-var/fonts/map/pdftex/updmap/pdftex.map}])
(/usr/local/texlive/2017/texmf-dist/tex/latex/base/utf8.def) [2]
(/usr/local/texlive/2017/texmf-dist/tex/latex/base/utf8.def)
(/usr/local/texlive/2017/texmf-dist/tex/latex/base/utf8.def) [3]
(/usr/local/texlive/2017/texmf-dist/tex/latex/base/utf8.def) [4]
Underfull \vbox (badness 10000) has occurred while \output is active [5]
(/usr/local/texlive/2017/texmf-dist/tex/latex/base/utf8.def) [6] [7]
(/usr/local/texlive/2017/texmf-dist/tex/latex/inconsolata/ts1zi4.fd)
(/usr/local/texlive/2017/texmf-dist/tex/latex/base/utf8.def) [8]
(/usr/local/texlive/2017/texmf-dist/tex/latex/base/utf8.def) [9]
(/usr/local/texlive/2017/texmf-dist/tex/latex/base/utf8.def)
(/usr/local/texlive/2017/texmf-dist/tex/latex/base/utf8.def) [10] [11]
(/usr/local/texlive/2017/texmf-dist/tex/latex/base/utf8.def) [12]
(/usr/local/texlive/2017/texmf-dist/tex/latex/base/utf8.def) [13]
(/usr/local/texlive/2017/texmf-dist/tex/latex/base/utf8.def)
(/usr/local/texlive/2017/texmf-dist/tex/latex/base/utf8.def) [14]
(/usr/local/texlive/2017/texmf-dist/tex/latex/base/utf8.def)
(/usr/local/texlive/2017/texmf-dist/tex/latex/base/utf8.def) [15] [16]
(/usr/local/texlive/2017/texmf-dist/tex/latex/psnfss/ts1ptm.fd)
Overfull \hbox (9.6578pt too wide) in paragraph at lines 807--808
[]\T1/zi4/m/n/10 statistic\T1/ptm/m/n/10 : the pear-son's chi-squared (X2), lik
e-li-hood ra-tio (G2), Freeman-Tukey (FT), Cressie-

Overfull \hbox (0.17659pt too wide) in paragraph at lines 823--824
[]\T1/ptm/m/n/10 Drton, M., B. Sturm-fels, and S. Sul-li-vant (2009). \T1/ptm/m
/it/10 Lec-tures on Al-ge-braic Statis-tics\T1/ptm/m/n/10 , Basel: Birkhauser

Overfull \hbox (1.58655pt too wide) in paragraph at lines 829--830
[]\T1/ptm/m/n/10 Read, T. and Cressie, N. (1998). \T1/ptm/m/it/10 Goodness-of-F
it Statis-tics for Dis-crete Mul-ti-vari-ate Data\T1/ptm/m/n/10 , Springer-
[17] [18]
Underfull \vbox (badness 10000) has occurred while \output is active [19]
Underfull \vbox (badness 10000) has occurred while \output is active [20]
Underfull \vbox (badness 10000) has occurred while \output is active [21]
Underfull \vbox (badness 10000) has occurred while \output is active [22]
Underfull \vbox (badness 10000) has occurred while \output is active [23]
Underfull \vbox (badness 10000) has occurred while \output is active [24]
(/usr/local/texlive/2017/texmf-dist/tex/latex/base/utf8.def)
Overfull \hbox (0.17659pt too wide) in paragraph at lines 1286--1287
[]\T1/ptm/m/n/10 Drton, M., B. Sturm-fels, and S. Sul-li-vant (2009). \T1/ptm/m
/it/10 Lec-tures on Al-ge-braic Statis-tics\T1/ptm/m/n/10 , Basel: Birkhauser
[25] (/usr/local/texlive/2017/texmf-dist/tex/latex/base/utf8.def)
(/usr/local/texlive/2017/texmf-dist/tex/latex/base/utf8.def) [26]
(/usr/local/texlive/2017/texmf-dist/tex/latex/base/utf8.def) [27]
(/usr/local/texlive/2017/texmf-dist/tex/latex/base/utf8.def)
(/usr/local/texlive/2017/texmf-dist/tex/latex/base/utf8.def) [28]
(/usr/local/texlive/2017/texmf-dist/tex/latex/base/utf8.def) [29] [30]
(/usr/local/texlive/2017/texmf-dist/tex/latex/base/utf8.def) [31]
(/usr/local/texlive/2017/texmf-dist/tex/latex/base/utf8.def)
(/usr/local/texlive/2017/texmf-dist/tex/latex/base/utf8.def) [32] [33]
(/usr/local/texlive/2017/texmf-dist/tex/latex/base/utf8.def)
Overfull \hbox (0.17659pt too wide) in paragraph at lines 1778--1779
[]\T1/ptm/m/n/10 Drton, M., B. Sturm-fels, and S. Sul-li-vant (2009). \T1/ptm/m
/it/10 Lec-tures on Al-ge-braic Statis-tics\T1/ptm/m/n/10 , Basel: Birkhauser
[34]
Underfull \vbox (badness 10000) has occurred while \output is active [35]
(/usr/local/texlive/2017/texmf-dist/tex/latex/base/utf8.def) [36]
(/usr/local/texlive/2017/texmf-dist/tex/latex/base/utf8.def)
Overfull \hbox (0.17659pt too wide) in paragraph at lines 1955--1956
[]\T1/ptm/m/n/10 Drton, M., B. Sturm-fels, and S. Sul-li-vant (2009). \T1/ptm/m
/it/10 Lec-tures on Al-ge-braic Statis-tics\T1/ptm/m/n/10 , Basel: Birkhauser
[37]
Underfull \vbox (badness 10000) has occurred while \output is active [38]
(/usr/local/texlive/2017/texmf-dist/tex/latex/base/utf8.def) [39]
(/usr/local/texlive/2017/texmf-dist/tex/latex/base/utf8.def)
(/usr/local/texlive/2017/texmf-dist/tex/latex/base/utf8.def) [40]
(/usr/local/texlive/2017/texmf-dist/tex/latex/base/utf8.def) [41]
(/usr/local/texlive/2017/texmf-dist/tex/latex/base/utf8.def)
(/usr/local/texlive/2017/texmf-dist/tex/latex/base/utf8.def) [42] [43]
(/usr/local/texlive/2017/texmf-dist/tex/latex/base/utf8.def) [44]
(/usr/local/texlive/2017/texmf-dist/tex/latex/base/utf8.def) [45]
(/usr/local/texlive/2017/texmf-dist/tex/latex/base/utf8.def)
(/usr/local/texlive/2017/texmf-dist/tex/latex/base/utf8.def) [46]
(/usr/local/texlive/2017/texmf-dist/tex/latex/base/utf8.def) [47]
(/usr/local/texlive/2017/texmf-dist/tex/latex/base/utf8.def)
(/usr/local/texlive/2017/texmf-dist/tex/latex/base/utf8.def) [48]
(/usr/local/texlive/2017/texmf-dist/tex/latex/base/utf8.def)
(/usr/local/texlive/2017/texmf-dist/tex/latex/base/utf8.def) [49]
(/usr/local/texlive/2017/texmf-dist/tex/latex/base/utf8.def)
(/usr/local/texlive/2017/texmf-dist/tex/latex/base/utf8.def) [50]
(/usr/local/texlive/2017/texmf-dist/tex/latex/base/utf8.def) [51]
(/usr/local/texlive/2017/texmf-dist/tex/latex/base/utf8.def)
(/usr/local/texlive/2017/texmf-dist/tex/latex/base/utf8.def) [52]
(/usr/local/texlive/2017/texmf-dist/tex/latex/base/utf8.def) [53]
Overfull \hbox (8.24101pt too wide) in paragraph at lines 2895--2895
 []\T1/zi4/m/n/9 apply(t(X) %*% rowSums(city), 2, function(x) x / sum(x) * fact
orial(3)) # average ranks pooled[] 
(/usr/local/texlive/2017/texmf-dist/tex/latex/base/utf8.def) [54]
Overfull \hbox (9.6578pt too wide) in paragraph at lines 2950--2951
[]\T1/zi4/m/n/10 statistic\T1/ptm/m/n/10 : the pear-son's chi-squared (X2), lik
e-li-hood ra-tio (G2), Freeman-Tukey (FT), Cressie-
[55]
Underfull \vbox (badness 10000) has occurred while \output is active [56]
Underfull \vbox (badness 10000) has occurred while \output is active [57]
Underfull \vbox (badness 10000) has occurred while \output is active [58]
Underfull \vbox (badness 10000) has occurred while \output is active [59]
Underfull \vbox (badness 10000) has occurred while \output is active [60]
Underfull \vbox (badness 10000) has occurred while \output is active [61]
(/usr/local/texlive/2017/texmf-dist/tex/latex/base/utf8.def) [62]
(/usr/local/texlive/2017/texmf-dist/tex/latex/base/utf8.def)
(/usr/local/texlive/2017/texmf-dist/tex/latex/base/utf8.def) [63]
(/usr/local/texlive/2017/texmf-dist/tex/latex/base/utf8.def)
Overfull \hbox (0.17659pt too wide) in paragraph at lines 3466--3467
[]\T1/ptm/m/n/10 Drton, M., B. Sturm-fels, and S. Sul-li-vant (2009). \T1/ptm/m
/it/10 Lec-tures on Al-ge-braic Statis-tics\T1/ptm/m/n/10 , Basel: Birkhauser
[64] (/usr/local/texlive/2017/texmf-dist/tex/latex/base/utf8.def) [65]
(/usr/local/texlive/2017/texmf-dist/tex/latex/base/utf8.def) [66]
(/usr/local/texlive/2017/texmf-dist/tex/latex/base/utf8.def) [67]
(/usr/local/texlive/2017/texmf-dist/tex/latex/base/utf8.def) [68]
(/usr/local/texlive/2017/texmf-dist/tex/latex/base/utf8.def) [69]
(/usr/local/texlive/2017/texmf-dist/tex/latex/base/utf8.def)
Underfull \vbox (badness 10000) has occurred while \output is active [70]
(./Rd2.ind [71]

LaTeX Font Warning: Font shape `T1/zi4/m/it' undefined
(Font)              using `T1/zi4/m/n' instead on input line 17.

[72] [73]) (./Rd2.aux)

Package rerunfilecheck Warning: File `Rd2.out' has changed.
(rerunfilecheck)                Rerun to get outlines right
(rerunfilecheck)                or use package `bookmark'.


LaTeX Font Warning: Some font shapes were not available, defaults substituted.

 )
(see the transcript file for additional information)pdfTeX warning (dest): name
{Rfn.array} has been referenced but does not exist, replaced by a fixed one

pdfTeX warning (dest): name{Rfn.aperm} has been referenced but does not exist, 
replaced by a fixed one

pdfTeX warning (dest): name{Rfn.combn} has been referenced but does not exist, 
replaced by a fixed one

pdfTeX warning (dest): name{Rfn.qr.fitted} has been referenced but does not exi
st, replaced by a fixed one

pdfTeX warning (dest): name{Rfn.mp} has been referenced but does not exist, rep
laced by a fixed one

pdfTeX warning (dest): name{Rfn.loglm} has been referenced but does not exist, 
replaced by a fixed one

pdfTeX warning (dest): name{Rfn.loglin} has been referenced but does not exist,
 replaced by a fixed one

{/usr/local/texlive/2017/texmf-dist/fonts/enc/dvips/inconsolata/i4-ts1.enc}{/us
r/local/texlive/2017/texmf-dist/fonts/enc/dvips/base/8r.enc}{/usr/local/texlive
/2017/texmf-dist/fonts/enc/dvips/inconsolata/i4-t1-0.enc}</usr/local/texlive/20
17/texmf-dist/fonts/type1/public/inconsolata/Inconsolata-zi4r.pfb></usr/local/t
exlive/2017/texmf-dist/fonts/type1/public/amsfonts/cm/cmsy10.pfb></usr/local/te
xlive/2017/texmf-dist/fonts/type1/urw/helvetic/uhvr8a.pfb></usr/local/texlive/2
017/texmf-dist/fonts/type1/urw/times/utmb8a.pfb></usr/local/texlive/2017/texmf-
dist/fonts/type1/urw/times/utmr8a.pfb></usr/local/texlive/2017/texmf-dist/fonts
/type1/urw/times/utmr8a.pfb></usr/local/texlive/2017/texmf-dist/fonts/type1/urw
/times/utmri8a.pfb>
Output written on Rd2.pdf (73 pages, 207408 bytes).
Transcript written on Rd2.log.
This is makeindex, version 2.15 [TeX Live 2017] (kpathsea + Thai support).
Scanning input file Rd2.idx....done (122 entries accepted, 0 rejected).
Sorting entries....done (881 comparisons).
Generating output file Rd2.ind....done (176 lines written, 0 warnings).
Output written in Rd2.ind.
Transcript written in Rd2.ilg.
This is pdfTeX, Version 3.14159265-2.6-1.40.18 (TeX Live 2017) (preloaded format=pdflatex)
 restricted \write18 enabled.
entering extended mode
LaTeX2e <2017-04-15>
Babel <3.10> and hyphenation patterns for 84 language(s) loaded.
(./Rd2.tex
(/usr/local/texlive/2017/texmf-dist/tex/latex/base/book.cls
Document Class: book 2014/09/29 v1.4h Standard LaTeX document class
(/usr/local/texlive/2017/texmf-dist/tex/latex/base/bk10.clo))
(/Library/Frameworks/R.framework/Resources/share/texmf/tex/latex/Rd.sty
(/usr/local/texlive/2017/texmf-dist/tex/latex/base/ifthen.sty)
(/usr/local/texlive/2017/texmf-dist/tex/latex/tools/longtable.sty)
(/usr/local/texlive/2017/texmf-dist/tex/latex/tools/bm.sty)
(/usr/local/texlive/2017/texmf-dist/tex/latex/base/alltt.sty)
(/usr/local/texlive/2017/texmf-dist/tex/latex/tools/verbatim.sty)
(/usr/local/texlive/2017/texmf-dist/tex/latex/url/url.sty)
(/usr/local/texlive/2017/texmf-dist/tex/latex/base/textcomp.sty
(/usr/local/texlive/2017/texmf-dist/tex/latex/base/ts1enc.def))
(/usr/local/texlive/2017/texmf-dist/tex/latex/base/fontenc.sty
(/usr/local/texlive/2017/texmf-dist/tex/latex/base/t1enc.def))
(/usr/local/texlive/2017/texmf-dist/tex/latex/psnfss/times.sty)
(/usr/local/texlive/2017/texmf-dist/tex/latex/inconsolata/zi4.sty
`inconsolata-zi4' v1.112, 2017/01/04 Text macros for Inconsolata (msharpe)
(/usr/local/texlive/2017/texmf-dist/tex/latex/xkeyval/xkeyval.sty
(/usr/local/texlive/2017/texmf-dist/tex/generic/xkeyval/xkeyval.tex
(/usr/local/texlive/2017/texmf-dist/tex/generic/xkeyval/xkvutils.tex
(/usr/local/texlive/2017/texmf-dist/tex/generic/xkeyval/keyval.tex)))))
(/usr/local/texlive/2017/texmf-dist/tex/latex/graphics/color.sty
(/usr/local/texlive/2017/texmf-dist/tex/latex/graphics-cfg/color.cfg)
(/usr/local/texlive/2017/texmf-dist/tex/latex/graphics-def/pdftex.def
(/usr/local/texlive/2017/texmf-dist/tex/generic/oberdiek/infwarerr.sty)
(/usr/local/texlive/2017/texmf-dist/tex/generic/oberdiek/ltxcmds.sty)))
(/usr/local/texlive/2017/texmf-dist/tex/latex/hyperref/hyperref.sty
(/usr/local/texlive/2017/texmf-dist/tex/generic/oberdiek/hobsub-hyperref.sty
(/usr/local/texlive/2017/texmf-dist/tex/generic/oberdiek/hobsub-generic.sty))
(/usr/local/texlive/2017/texmf-dist/tex/generic/ifxetex/ifxetex.sty)
(/usr/local/texlive/2017/texmf-dist/tex/latex/oberdiek/auxhook.sty)
(/usr/local/texlive/2017/texmf-dist/tex/latex/oberdiek/kvoptions.sty)
(/usr/local/texlive/2017/texmf-dist/tex/latex/hyperref/pd1enc.def)
(/usr/local/texlive/2017/texmf-dist/tex/latex/latexconfig/hyperref.cfg))

Package hyperref Message: Driver (autodetected): hpdftex.

(/usr/local/texlive/2017/texmf-dist/tex/latex/hyperref/hpdftex.def
(/usr/local/texlive/2017/texmf-dist/tex/latex/oberdiek/rerunfilecheck.sty))

Package hyperref Warning: Option `hyperindex' has already been used,
(hyperref)                setting the option has no effect on input line 366.


Package hyperref Warning: Option `pagebackref' has already been used,
(hyperref)                setting the option has no effect on input line 366.

) (/usr/local/texlive/2017/texmf-dist/tex/latex/base/makeidx.sty)
(/usr/local/texlive/2017/texmf-dist/tex/latex/base/inputenc.sty
(/usr/local/texlive/2017/texmf-dist/tex/latex/base/utf8.def
(/usr/local/texlive/2017/texmf-dist/tex/latex/base/t1enc.dfu)
(/usr/local/texlive/2017/texmf-dist/tex/latex/base/ot1enc.dfu)
(/usr/local/texlive/2017/texmf-dist/tex/latex/base/omsenc.dfu)
(/usr/local/texlive/2017/texmf-dist/tex/latex/base/ts1enc.dfu))
(/usr/local/texlive/2017/texmf-dist/tex/latex/base/latin1.def))
Writing index file Rd2.idx
(./Rd2.aux) (/usr/local/texlive/2017/texmf-dist/tex/latex/base/ts1cmr.fd)
(/usr/local/texlive/2017/texmf-dist/tex/latex/psnfss/t1ptm.fd)
(/usr/local/texlive/2017/texmf-dist/tex/context/base/mkii/supp-pdf.mkii
[Loading MPS to PDF converter (version 2006.09.02).]
) (/usr/local/texlive/2017/texmf-dist/tex/latex/hyperref/nameref.sty
(/usr/local/texlive/2017/texmf-dist/tex/generic/oberdiek/gettitlestring.sty))
(./Rd2.out) (./Rd2.out)
(/usr/local/texlive/2017/texmf-dist/tex/latex/inconsolata/t1zi4.fd)
(/usr/local/texlive/2017/texmf-dist/tex/latex/psnfss/t1phv.fd) (./Rd2.toc
[1{/usr/local/texlive/2017/texmf-var/fonts/map/pdftex/updmap/pdftex.map}])
(/usr/local/texlive/2017/texmf-dist/tex/latex/base/utf8.def) [2]
(/usr/local/texlive/2017/texmf-dist/tex/latex/base/utf8.def)
(/usr/local/texlive/2017/texmf-dist/tex/latex/base/utf8.def) [3]
(/usr/local/texlive/2017/texmf-dist/tex/latex/base/utf8.def) [4]
Underfull \vbox (badness 10000) has occurred while \output is active [5]
(/usr/local/texlive/2017/texmf-dist/tex/latex/base/utf8.def) [6] [7]
(/usr/local/texlive/2017/texmf-dist/tex/latex/inconsolata/ts1zi4.fd)
(/usr/local/texlive/2017/texmf-dist/tex/latex/base/utf8.def) [8]
(/usr/local/texlive/2017/texmf-dist/tex/latex/base/utf8.def) [9]
(/usr/local/texlive/2017/texmf-dist/tex/latex/base/utf8.def)
(/usr/local/texlive/2017/texmf-dist/tex/latex/base/utf8.def) [10] [11]
(/usr/local/texlive/2017/texmf-dist/tex/latex/base/utf8.def) [12]
(/usr/local/texlive/2017/texmf-dist/tex/latex/base/utf8.def) [13]
(/usr/local/texlive/2017/texmf-dist/tex/latex/base/utf8.def)
(/usr/local/texlive/2017/texmf-dist/tex/latex/base/utf8.def) [14]
(/usr/local/texlive/2017/texmf-dist/tex/latex/base/utf8.def)
(/usr/local/texlive/2017/texmf-dist/tex/latex/base/utf8.def) [15] [16]
(/usr/local/texlive/2017/texmf-dist/tex/latex/psnfss/ts1ptm.fd)
Overfull \hbox (9.6578pt too wide) in paragraph at lines 807--808
[]\T1/zi4/m/n/10 statistic\T1/ptm/m/n/10 : the pear-son's chi-squared (X2), lik
e-li-hood ra-tio (G2), Freeman-Tukey (FT), Cressie-

Overfull \hbox (0.17659pt too wide) in paragraph at lines 823--824
[]\T1/ptm/m/n/10 Drton, M., B. Sturm-fels, and S. Sul-li-vant (2009). \T1/ptm/m
/it/10 Lec-tures on Al-ge-braic Statis-tics\T1/ptm/m/n/10 , Basel: Birkhauser

Overfull \hbox (1.58655pt too wide) in paragraph at lines 829--830
[]\T1/ptm/m/n/10 Read, T. and Cressie, N. (1998). \T1/ptm/m/it/10 Goodness-of-F
it Statis-tics for Dis-crete Mul-ti-vari-ate Data\T1/ptm/m/n/10 , Springer-
[17] [18]
Underfull \vbox (badness 10000) has occurred while \output is active [19]
Underfull \vbox (badness 10000) has occurred while \output is active [20]
Underfull \vbox (badness 10000) has occurred while \output is active [21]
Underfull \vbox (badness 10000) has occurred while \output is active [22]
Underfull \vbox (badness 10000) has occurred while \output is active [23]
Underfull \vbox (badness 10000) has occurred while \output is active [24]
(/usr/local/texlive/2017/texmf-dist/tex/latex/base/utf8.def)
Overfull \hbox (0.17659pt too wide) in paragraph at lines 1286--1287
[]\T1/ptm/m/n/10 Drton, M., B. Sturm-fels, and S. Sul-li-vant (2009). \T1/ptm/m
/it/10 Lec-tures on Al-ge-braic Statis-tics\T1/ptm/m/n/10 , Basel: Birkhauser
[25] (/usr/local/texlive/2017/texmf-dist/tex/latex/base/utf8.def)
(/usr/local/texlive/2017/texmf-dist/tex/latex/base/utf8.def) [26]
(/usr/local/texlive/2017/texmf-dist/tex/latex/base/utf8.def) [27]
(/usr/local/texlive/2017/texmf-dist/tex/latex/base/utf8.def)
(/usr/local/texlive/2017/texmf-dist/tex/latex/base/utf8.def) [28]
(/usr/local/texlive/2017/texmf-dist/tex/latex/base/utf8.def) [29] [30]
(/usr/local/texlive/2017/texmf-dist/tex/latex/base/utf8.def) [31]
(/usr/local/texlive/2017/texmf-dist/tex/latex/base/utf8.def)
(/usr/local/texlive/2017/texmf-dist/tex/latex/base/utf8.def) [32] [33]
(/usr/local/texlive/2017/texmf-dist/tex/latex/base/utf8.def)
Overfull \hbox (0.17659pt too wide) in paragraph at lines 1778--1779
[]\T1/ptm/m/n/10 Drton, M., B. Sturm-fels, and S. Sul-li-vant (2009). \T1/ptm/m
/it/10 Lec-tures on Al-ge-braic Statis-tics\T1/ptm/m/n/10 , Basel: Birkhauser
[34]
Underfull \vbox (badness 10000) has occurred while \output is active [35]
(/usr/local/texlive/2017/texmf-dist/tex/latex/base/utf8.def) [36]
(/usr/local/texlive/2017/texmf-dist/tex/latex/base/utf8.def)
Overfull \hbox (0.17659pt too wide) in paragraph at lines 1955--1956
[]\T1/ptm/m/n/10 Drton, M., B. Sturm-fels, and S. Sul-li-vant (2009). \T1/ptm/m
/it/10 Lec-tures on Al-ge-braic Statis-tics\T1/ptm/m/n/10 , Basel: Birkhauser
[37]
Underfull \vbox (badness 10000) has occurred while \output is active [38]
(/usr/local/texlive/2017/texmf-dist/tex/latex/base/utf8.def) [39]
(/usr/local/texlive/2017/texmf-dist/tex/latex/base/utf8.def)
(/usr/local/texlive/2017/texmf-dist/tex/latex/base/utf8.def) [40]
(/usr/local/texlive/2017/texmf-dist/tex/latex/base/utf8.def) [41]
(/usr/local/texlive/2017/texmf-dist/tex/latex/base/utf8.def)
(/usr/local/texlive/2017/texmf-dist/tex/latex/base/utf8.def) [42] [43]
(/usr/local/texlive/2017/texmf-dist/tex/latex/base/utf8.def) [44]
(/usr/local/texlive/2017/texmf-dist/tex/latex/base/utf8.def) [45]
(/usr/local/texlive/2017/texmf-dist/tex/latex/base/utf8.def)
(/usr/local/texlive/2017/texmf-dist/tex/latex/base/utf8.def) [46]
(/usr/local/texlive/2017/texmf-dist/tex/latex/base/utf8.def) [47]
(/usr/local/texlive/2017/texmf-dist/tex/latex/base/utf8.def)
(/usr/local/texlive/2017/texmf-dist/tex/latex/base/utf8.def) [48]
(/usr/local/texlive/2017/texmf-dist/tex/latex/base/utf8.def)
(/usr/local/texlive/2017/texmf-dist/tex/latex/base/utf8.def) [49]
(/usr/local/texlive/2017/texmf-dist/tex/latex/base/utf8.def)
(/usr/local/texlive/2017/texmf-dist/tex/latex/base/utf8.def) [50]
(/usr/local/texlive/2017/texmf-dist/tex/latex/base/utf8.def) [51]
(/usr/local/texlive/2017/texmf-dist/tex/latex/base/utf8.def)
(/usr/local/texlive/2017/texmf-dist/tex/latex/base/utf8.def) [52]
(/usr/local/texlive/2017/texmf-dist/tex/latex/base/utf8.def) [53]
Overfull \hbox (8.24101pt too wide) in paragraph at lines 2895--2895
 []\T1/zi4/m/n/9 apply(t(X) %*% rowSums(city), 2, function(x) x / sum(x) * fact
orial(3)) # average ranks pooled[] 
(/usr/local/texlive/2017/texmf-dist/tex/latex/base/utf8.def) [54]
Overfull \hbox (9.6578pt too wide) in paragraph at lines 2950--2951
[]\T1/zi4/m/n/10 statistic\T1/ptm/m/n/10 : the pear-son's chi-squared (X2), lik
e-li-hood ra-tio (G2), Freeman-Tukey (FT), Cressie-
[55]
Underfull \vbox (badness 10000) has occurred while \output is active [56]
Underfull \vbox (badness 10000) has occurred while \output is active [57]
Underfull \vbox (badness 10000) has occurred while \output is active [58]
Underfull \vbox (badness 10000) has occurred while \output is active [59]
Underfull \vbox (badness 10000) has occurred while \output is active [60]
Underfull \vbox (badness 10000) has occurred while \output is active [61]
(/usr/local/texlive/2017/texmf-dist/tex/latex/base/utf8.def) [62]
(/usr/local/texlive/2017/texmf-dist/tex/latex/base/utf8.def)
(/usr/local/texlive/2017/texmf-dist/tex/latex/base/utf8.def) [63]
(/usr/local/texlive/2017/texmf-dist/tex/latex/base/utf8.def)
Overfull \hbox (0.17659pt too wide) in paragraph at lines 3466--3467
[]\T1/ptm/m/n/10 Drton, M., B. Sturm-fels, and S. Sul-li-vant (2009). \T1/ptm/m
/it/10 Lec-tures on Al-ge-braic Statis-tics\T1/ptm/m/n/10 , Basel: Birkhauser
[64] (/usr/local/texlive/2017/texmf-dist/tex/latex/base/utf8.def) [65]
(/usr/local/texlive/2017/texmf-dist/tex/latex/base/utf8.def) [66]
(/usr/local/texlive/2017/texmf-dist/tex/latex/base/utf8.def) [67]
(/usr/local/texlive/2017/texmf-dist/tex/latex/base/utf8.def) [68]
(/usr/local/texlive/2017/texmf-dist/tex/latex/base/utf8.def) [69]
(/usr/local/texlive/2017/texmf-dist/tex/latex/base/utf8.def)
Underfull \vbox (badness 10000) has occurred while \output is active [70]
(./Rd2.ind [71]

LaTeX Font Warning: Font shape `T1/zi4/m/it' undefined
(Font)              using `T1/zi4/m/n' instead on input line 17.

[72] [73]) (./Rd2.aux)

LaTeX Font Warning: Some font shapes were not available, defaults substituted.

 )
(see the transcript file for additional information)pdfTeX warning (dest): name
{Rfn.array} has been referenced but does not exist, replaced by a fixed one

pdfTeX warning (dest): name{Rfn.aperm} has been referenced but does not exist, 
replaced by a fixed one

pdfTeX warning (dest): name{Rfn.combn} has been referenced but does not exist, 
replaced by a fixed one

pdfTeX warning (dest): name{Rfn.qr.fitted} has been referenced but does not exi
st, replaced by a fixed one

pdfTeX warning (dest): name{Rfn.mp} has been referenced but does not exist, rep
laced by a fixed one

pdfTeX warning (dest): name{Rfn.loglm} has been referenced but does not exist, 
replaced by a fixed one

pdfTeX warning (dest): name{Rfn.loglin} has been referenced but does not exist,
 replaced by a fixed one

{/usr/local/texlive/2017/texmf-dist/fonts/enc/dvips/inconsolata/i4-ts1.enc}{/us
r/local/texlive/2017/texmf-dist/fonts/enc/dvips/base/8r.enc}{/usr/local/texlive
/2017/texmf-dist/fonts/enc/dvips/inconsolata/i4-t1-0.enc}</usr/local/texlive/20
17/texmf-dist/fonts/type1/public/inconsolata/Inconsolata-zi4r.pfb></usr/local/t
exlive/2017/texmf-dist/fonts/type1/public/amsfonts/cm/cmsy10.pfb></usr/local/te
xlive/2017/texmf-dist/fonts/type1/urw/helvetic/uhvr8a.pfb></usr/local/texlive/2
017/texmf-dist/fonts/type1/urw/times/utmb8a.pfb></usr/local/texlive/2017/texmf-
dist/fonts/type1/urw/times/utmr8a.pfb></usr/local/texlive/2017/texmf-dist/fonts
/type1/urw/times/utmr8a.pfb></usr/local/texlive/2017/texmf-dist/fonts/type1/urw
/times/utmri8a.pfb>
Output written on Rd2.pdf (73 pages, 207722 bytes).
Transcript written on Rd2.log.
Saving output to ‘algstat-manual.pdf’ ...
Done
You may want to clean up by 'rm -Rf /var/folders/r3/126_d6t55f5d32tplbg5mk1d0c48s9/T//RtmpIL2J1u/Rd2pdf1083944a25f78'
