* installing *source* package ‘algstat’ ...
** package ‘algstat’ successfully unpacked and MD5 sums checked
** libs
clang++  -I"/Library/Frameworks/R.framework/Resources/include" -DNDEBUG  -I"/Users/david_kahle/Dropbox/dev/mpoly/mpoly/revdep/library.noindex/algstat/Rcpp/include" -I/usr/local/include   -fPIC  -Wall -g -O2  -c RcppExports.cpp -o RcppExports.o
clang++  -I"/Library/Frameworks/R.framework/Resources/include" -DNDEBUG  -I"/Users/david_kahle/Dropbox/dev/mpoly/mpoly/revdep/library.noindex/algstat/Rcpp/include" -I/usr/local/include   -fPIC  -Wall -g -O2  -c computeCRsCpp.cpp -o computeCRsCpp.o
clang++  -I"/Library/Frameworks/R.framework/Resources/include" -DNDEBUG  -I"/Users/david_kahle/Dropbox/dev/mpoly/mpoly/revdep/library.noindex/algstat/Rcpp/include" -I/usr/local/include   -fPIC  -Wall -g -O2  -c computeG2sCpp.cpp -o computeG2sCpp.o
clang++  -I"/Library/Frameworks/R.framework/Resources/include" -DNDEBUG  -I"/Users/david_kahle/Dropbox/dev/mpoly/mpoly/revdep/library.noindex/algstat/Rcpp/include" -I/usr/local/include   -fPIC  -Wall -g -O2  -c computeNMsCpp.cpp -o computeNMsCpp.o
clang++  -I"/Library/Frameworks/R.framework/Resources/include" -DNDEBUG  -I"/Users/david_kahle/Dropbox/dev/mpoly/mpoly/revdep/library.noindex/algstat/Rcpp/include" -I/usr/local/include   -fPIC  -Wall -g -O2  -c computeUProbsCpp.cpp -o computeUProbsCpp.o
clang++  -I"/Library/Frameworks/R.framework/Resources/include" -DNDEBUG  -I"/Users/david_kahle/Dropbox/dev/mpoly/mpoly/revdep/library.noindex/algstat/Rcpp/include" -I/usr/local/include   -fPIC  -Wall -g -O2  -c computeX2sCpp.cpp -o computeX2sCpp.o
clang++  -I"/Library/Frameworks/R.framework/Resources/include" -DNDEBUG  -I"/Users/david_kahle/Dropbox/dev/mpoly/mpoly/revdep/library.noindex/algstat/Rcpp/include" -I/usr/local/include   -fPIC  -Wall -g -O2  -c metropolisCpp.cpp -o metropolisCpp.o
clang++ -dynamiclib -Wl,-headerpad_max_install_names -undefined dynamic_lookup -single_module -multiply_defined suppress -L/Library/Frameworks/R.framework/Resources/lib -L/usr/local/lib -o algstat.so RcppExports.o computeCRsCpp.o computeG2sCpp.o computeNMsCpp.o computeUProbsCpp.o computeX2sCpp.o metropolisCpp.o -F/Library/Frameworks/R.framework/.. -framework R -Wl,-framework -Wl,CoreFoundation
installing to /Users/david_kahle/Dropbox/dev/mpoly/mpoly/revdep/checks.noindex/algstat/new/algstat.Rcheck/algstat/libs
** R
** data
** inst
** byte-compile and prepare package for lazy loading
** help
*** installing help indices
** building package indices
** testing if installed package can be loaded
* DONE (algstat)
